build_old/app/intermediates/manifest_merge_blame_file/debug/manifest-merger-blame-debug-report.txt
1<?xml version="1.0" encoding="utf-8"?>
2<manifest xmlns:android="http://schemas.android.com/apk/res/android"
3    package="com.example.ta_sispem"
4    android:versionCode="1"
5    android:versionName="1.0.0" >
6
7    <uses-sdk
8        android:minSdkVersion="16"
9        android:targetSdkVersion="31" />
10    <!--
11         Flutter needs it to communicate with the running application
12         to allow setting breakpoints, to provide hot reload, etc.
13    -->
14    <uses-permission android:name="android.permission.READ_EXTERNAL_STORAGE" />
14-->src\main\AndroidManifest.xml:3:5-79
14-->src\main\AndroidManifest.xml:3:22-77
15    <uses-permission android:name="android.permission.WRITE_EXTERNAL_STORAGE" />
15-->src\main\AndroidManifest.xml:4:5-80
15-->src\main\AndroidManifest.xml:4:22-78
16    <uses-permission android:name="android.permission.INTERNET" />
16-->src\main\AndroidManifest.xml:5:5-66
16-->src\main\AndroidManifest.xml:5:22-64
17    <!-- https://developer.android.com/training/package-visibility -->
18    <queries>
18-->[:flutter_downloader] AndroidManifest.xml:8:5-12:15
19        <intent>
19-->[:flutter_downloader] AndroidManifest.xml:9:9-11:18
20            <action android:name="android.intent.action.VIEW" />
20-->[:flutter_downloader] AndroidManifest.xml:10:13-65
20-->[:flutter_downloader] AndroidManifest.xml:10:21-62
21        </intent>
22    </queries>
23
24    <uses-permission android:name="android.permission.WAKE_LOCK" />
24-->[androidx.work:work-runtime:2.7.0-rc01] AndroidManifest.xml:25:5-68
24-->[androidx.work:work-runtime:2.7.0-rc01] AndroidManifest.xml:25:22-65
25    <uses-permission android:name="android.permission.ACCESS_NETWORK_STATE" />
25-->[androidx.work:work-runtime:2.7.0-rc01] AndroidManifest.xml:26:5-79
25-->[androidx.work:work-runtime:2.7.0-rc01] AndroidManifest.xml:26:22-76
26    <uses-permission android:name="android.permission.RECEIVE_BOOT_COMPLETED" />
26-->[androidx.work:work-runtime:2.7.0-rc01] AndroidManifest.xml:27:5-81
26-->[androidx.work:work-runtime:2.7.0-rc01] AndroidManifest.xml:27:22-78
27    <uses-permission android:name="android.permission.FOREGROUND_SERVICE" />
27-->[androidx.work:work-runtime:2.7.0-rc01] AndroidManifest.xml:28:5-77
27-->[androidx.work:work-runtime:2.7.0-rc01] AndroidManifest.xml:28:22-74
28
29    <application
29-->src\main\AndroidManifest.xml:6:4-44:19
30        android:appComponentFactory="androidx.core.app.CoreComponentFactory"
30-->[androidx.core:core:1.6.0] AndroidManifest.xml:24:18-86
31        android:debuggable="true"
32        android:icon="@mipmap/ic_launcher"
32-->src\main\AndroidManifest.xml:8:9-43
33        android:label="ta_sispem"
33-->src\main\AndroidManifest.xml:7:9-34
34        android:requestLegacyExternalStorage="true" >
34-->src\main\AndroidManifest.xml:9:9-52
35        <activity
35-->src\main\AndroidManifest.xml:10:9-38:20
36            android:name="com.example.ta_sispem.MainActivity"
36-->src\main\AndroidManifest.xml:11:13-41
37            android:configChanges="orientation|keyboardHidden|keyboard|screenSize|smallestScreenSize|locale|layoutDirection|fontScale|screenLayout|density|uiMode"
37-->src\main\AndroidManifest.xml:14:13-163
38            android:hardwareAccelerated="true"
38-->src\main\AndroidManifest.xml:15:13-47
39            android:launchMode="singleTop"
39-->src\main\AndroidManifest.xml:12:13-43
40            android:theme="@style/LaunchTheme"
40-->src\main\AndroidManifest.xml:13:13-47
41            android:windowSoftInputMode="adjustResize" >
41-->src\main\AndroidManifest.xml:16:13-55
42
43            <!--
44                 Specifies an Android theme to apply to this Activity as soon as
45                 the Android process has started. This theme is visible to the user
46                 while the Flutter UI initializes. After that, this theme continues
47                 to determine the Window background behind the Flutter UI.
48            -->
49            <meta-data
49-->src\main\AndroidManifest.xml:21:13-24:17
50                android:name="io.flutter.embedding.android.NormalTheme"
50-->src\main\AndroidManifest.xml:22:15-70
51                android:resource="@style/NormalTheme" />
51-->src\main\AndroidManifest.xml:23:15-52
52            <!--
53                 Displays an Android View that continues showing the launch screen
54                 Drawable until Flutter paints its first frame, then this splash
55                 screen fades out. A splash screen is useful to avoid any visual
56                 gap between the end of Android's launch screen and the painting of
57                 Flutter's first frame.
58            -->
59            <meta-data
59-->src\main\AndroidManifest.xml:30:13-33:17
60                android:name="io.flutter.embedding.android.SplashScreenDrawable"
60-->src\main\AndroidManifest.xml:31:15-79
61                android:resource="@drawable/launch_background" />
61-->src\main\AndroidManifest.xml:32:15-61
62
63            <intent-filter>
63-->src\main\AndroidManifest.xml:34:13-37:29
64                <action android:name="android.intent.action.MAIN" />
64-->src\main\AndroidManifest.xml:35:17-68
64-->src\main\AndroidManifest.xml:35:25-66
65
66                <category android:name="android.intent.category.LAUNCHER" />
66-->src\main\AndroidManifest.xml:36:17-76
66-->src\main\AndroidManifest.xml:36:27-74
67            </intent-filter>
68        </activity>
69        <!--
70             Don't delete the meta-data below.
71             This is used by the Flutter tool to generate GeneratedPluginRegistrant.java
72        -->
73        <meta-data
73-->src\main\AndroidManifest.xml:41:9-43:33
74            android:name="flutterEmbedding"
74-->src\main\AndroidManifest.xml:42:13-44
75            android:value="2" />
75-->src\main\AndroidManifest.xml:43:13-30
76
77        <provider
77-->[androidx.work:work-runtime:2.7.0-rc01] AndroidManifest.xml:31:9-39:20
78            android:name="androidx.startup.InitializationProvider"
78-->[androidx.work:work-runtime:2.7.0-rc01] AndroidManifest.xml:32:13-67
79            android:authorities="com.example.ta_sispem.androidx-startup"
79-->[androidx.work:work-runtime:2.7.0-rc01] AndroidManifest.xml:33:13-68
80            android:exported="false" >
80-->[androidx.work:work-runtime:2.7.0-rc01] AndroidManifest.xml:34:13-37
81            <meta-data
81-->[androidx.work:work-runtime:2.7.0-rc01] AndroidManifest.xml:36:13-38:52
82                android:name="androidx.work.WorkManagerInitializer"
82-->[androidx.work:work-runtime:2.7.0-rc01] AndroidManifest.xml:37:17-68
83                android:value="androidx.startup" />
83-->[androidx.work:work-runtime:2.7.0-rc01] AndroidManifest.xml:38:17-49
84        </provider>
85
86        <service
86-->[androidx.work:work-runtime:2.7.0-rc01] AndroidManifest.xml:41:9-46:35
87            android:name="androidx.work.impl.background.systemalarm.SystemAlarmService"
87-->[androidx.work:work-runtime:2.7.0-rc01] AndroidManifest.xml:42:13-88
88            android:directBootAware="false"
88-->[androidx.work:work-runtime:2.7.0-rc01] AndroidManifest.xml:43:13-44
89            android:enabled="@bool/enable_system_alarm_service_default"
89-->[androidx.work:work-runtime:2.7.0-rc01] AndroidManifest.xml:44:13-72
90            android:exported="false" />
90-->[androidx.work:work-runtime:2.7.0-rc01] AndroidManifest.xml:45:13-37
91        <service
91-->[androidx.work:work-runtime:2.7.0-rc01] AndroidManifest.xml:47:9-53:35
92            android:name="androidx.work.impl.background.systemjob.SystemJobService"
92-->[androidx.work:work-runtime:2.7.0-rc01] AndroidManifest.xml:48:13-84
93            android:directBootAware="false"
93-->[androidx.work:work-runtime:2.7.0-rc01] AndroidManifest.xml:49:13-44
94            android:enabled="@bool/enable_system_job_service_default"
94-->[androidx.work:work-runtime:2.7.0-rc01] AndroidManifest.xml:50:13-70
95            android:exported="true"
95-->[androidx.work:work-runtime:2.7.0-rc01] AndroidManifest.xml:51:13-36
96            android:permission="android.permission.BIND_JOB_SERVICE" />
96-->[androidx.work:work-runtime:2.7.0-rc01] AndroidManifest.xml:52:13-69
97        <service
97-->[androidx.work:work-runtime:2.7.0-rc01] AndroidManifest.xml:54:9-59:35
98            android:name="androidx.work.impl.foreground.SystemForegroundService"
98-->[androidx.work:work-runtime:2.7.0-rc01] AndroidManifest.xml:55:13-81
99            android:directBootAware="false"
99-->[androidx.work:work-runtime:2.7.0-rc01] AndroidManifest.xml:56:13-44
100            android:enabled="@bool/enable_system_foreground_service_default"
100-->[androidx.work:work-runtime:2.7.0-rc01] AndroidManifest.xml:57:13-77
101            android:exported="false" />
101-->[androidx.work:work-runtime:2.7.0-rc01] AndroidManifest.xml:58:13-37
102
103        <receiver
103-->[androidx.work:work-runtime:2.7.0-rc01] AndroidManifest.xml:61:9-66:35
104            android:name="androidx.work.impl.utils.ForceStopRunnable$BroadcastReceiver"
104-->[androidx.work:work-runtime:2.7.0-rc01] AndroidManifest.xml:62:13-88
105            android:directBootAware="false"
105-->[androidx.work:work-runtime:2.7.0-rc01] AndroidManifest.xml:63:13-44
106            android:enabled="true"
106-->[androidx.work:work-runtime:2.7.0-rc01] AndroidManifest.xml:64:13-35
107            android:exported="false" />
107-->[androidx.work:work-runtime:2.7.0-rc01] AndroidManifest.xml:65:13-37
108        <receiver
108-->[androidx.work:work-runtime:2.7.0-rc01] AndroidManifest.xml:67:9-77:20
109            android:name="androidx.work.impl.background.systemalarm.ConstraintProxy$BatteryChargingProxy"
109-->[androidx.work:work-runtime:2.7.0-rc01] AndroidManifest.xml:68:13-106
110            android:directBootAware="false"
110-->[androidx.work:work-runtime:2.7.0-rc01] AndroidManifest.xml:69:13-44
111            android:enabled="false"
111-->[androidx.work:work-runtime:2.7.0-rc01] AndroidManifest.xml:70:13-36
112            android:exported="false" >
112-->[androidx.work:work-runtime:2.7.0-rc01] AndroidManifest.xml:71:13-37
113            <intent-filter>
113-->[androidx.work:work-runtime:2.7.0-rc01] AndroidManifest.xml:73:13-76:29
114                <action android:name="android.intent.action.ACTION_POWER_CONNECTED" />
114-->[androidx.work:work-runtime:2.7.0-rc01] AndroidManifest.xml:74:17-87
114-->[androidx.work:work-runtime:2.7.0-rc01] AndroidManifest.xml:74:25-84
115                <action android:name="android.intent.action.ACTION_POWER_DISCONNECTED" />
115-->[androidx.work:work-runtime:2.7.0-rc01] AndroidManifest.xml:75:17-90
115-->[androidx.work:work-runtime:2.7.0-rc01] AndroidManifest.xml:75:25-87
116            </intent-filter>
117        </receiver>
118        <receiver
118-->[androidx.work:work-runtime:2.7.0-rc01] AndroidManifest.xml:78:9-88:20
119            android:name="androidx.work.impl.background.systemalarm.ConstraintProxy$BatteryNotLowProxy"
119-->[androidx.work:work-runtime:2.7.0-rc01] AndroidManifest.xml:79:13-104
120            android:directBootAware="false"
120-->[androidx.work:work-runtime:2.7.0-rc01] AndroidManifest.xml:80:13-44
121            android:enabled="false"
121-->[androidx.work:work-runtime:2.7.0-rc01] AndroidManifest.xml:81:13-36
122            android:exported="false" >
122-->[androidx.work:work-runtime:2.7.0-rc01] AndroidManifest.xml:82:13-37
123            <intent-filter>
123-->[androidx.work:work-runtime:2.7.0-rc01] AndroidManifest.xml:84:13-87:29
124                <action android:name="android.intent.action.BATTERY_OKAY" />
124-->[androidx.work:work-runtime:2.7.0-rc01] AndroidManifest.xml:85:17-77
124-->[androidx.work:work-runtime:2.7.0-rc01] AndroidManifest.xml:85:25-74
125                <action android:name="android.intent.action.BATTERY_LOW" />
125-->[androidx.work:work-runtime:2.7.0-rc01] AndroidManifest.xml:86:17-76
125-->[androidx.work:work-runtime:2.7.0-rc01] AndroidManifest.xml:86:25-73
126            </intent-filter>
127        </receiver>
128        <receiver
128-->[androidx.work:work-runtime:2.7.0-rc01] AndroidManifest.xml:89:9-99:20
129            android:name="androidx.work.impl.background.systemalarm.ConstraintProxy$StorageNotLowProxy"
129-->[androidx.work:work-runtime:2.7.0-rc01] AndroidManifest.xml:90:13-104
130            android:directBootAware="false"
130-->[androidx.work:work-runtime:2.7.0-rc01] AndroidManifest.xml:91:13-44
131            android:enabled="false"
131-->[androidx.work:work-runtime:2.7.0-rc01] AndroidManifest.xml:92:13-36
132            android:exported="false" >
132-->[androidx.work:work-runtime:2.7.0-rc01] AndroidManifest.xml:93:13-37
133            <intent-filter>
133-->[androidx.work:work-runtime:2.7.0-rc01] AndroidManifest.xml:95:13-98:29
134                <action android:name="android.intent.action.DEVICE_STORAGE_LOW" />
134-->[androidx.work:work-runtime:2.7.0-rc01] AndroidManifest.xml:96:17-83
134-->[androidx.work:work-runtime:2.7.0-rc01] AndroidManifest.xml:96:25-80
135                <action android:name="android.intent.action.DEVICE_STORAGE_OK" />
135-->[androidx.work:work-runtime:2.7.0-rc01] AndroidManifest.xml:97:17-82
135-->[androidx.work:work-runtime:2.7.0-rc01] AndroidManifest.xml:97:25-79
136            </intent-filter>
137        </receiver>
138        <receiver
138-->[androidx.work:work-runtime:2.7.0-rc01] AndroidManifest.xml:100:9-109:20
139            android:name="androidx.work.impl.background.systemalarm.ConstraintProxy$NetworkStateProxy"
139-->[androidx.work:work-runtime:2.7.0-rc01] AndroidManifest.xml:101:13-103
140            android:directBootAware="false"
140-->[androidx.work:work-runtime:2.7.0-rc01] AndroidManifest.xml:102:13-44
141            android:enabled="false"
141-->[androidx.work:work-runtime:2.7.0-rc01] AndroidManifest.xml:103:13-36
142            android:exported="false" >
142-->[androidx.work:work-runtime:2.7.0-rc01] AndroidManifest.xml:104:13-37
143            <intent-filter>
143-->[androidx.work:work-runtime:2.7.0-rc01] AndroidManifest.xml:106:13-108:29
144                <action android:name="android.net.conn.CONNECTIVITY_CHANGE" />
144-->[androidx.work:work-runtime:2.7.0-rc01] AndroidManifest.xml:107:17-79
144-->[androidx.work:work-runtime:2.7.0-rc01] AndroidManifest.xml:107:25-76
145            </intent-filter>
146        </receiver>
147        <receiver
147-->[androidx.work:work-runtime:2.7.0-rc01] AndroidManifest.xml:110:9-121:20
148            android:name="androidx.work.impl.background.systemalarm.RescheduleReceiver"
148-->[androidx.work:work-runtime:2.7.0-rc01] AndroidManifest.xml:111:13-88
149            android:directBootAware="false"
149-->[androidx.work:work-runtime:2.7.0-rc01] AndroidManifest.xml:112:13-44
150            android:enabled="false"
150-->[androidx.work:work-runtime:2.7.0-rc01] AndroidManifest.xml:113:13-36
151            android:exported="false" >
151-->[androidx.work:work-runtime:2.7.0-rc01] AndroidManifest.xml:114:13-37
152            <intent-filter>
152-->[androidx.work:work-runtime:2.7.0-rc01] AndroidManifest.xml:116:13-120:29
153                <action android:name="android.intent.action.BOOT_COMPLETED" />
153-->[androidx.work:work-runtime:2.7.0-rc01] AndroidManifest.xml:117:17-79
153-->[androidx.work:work-runtime:2.7.0-rc01] AndroidManifest.xml:117:25-76
154                <action android:name="android.intent.action.TIME_SET" />
154-->[androidx.work:work-runtime:2.7.0-rc01] AndroidManifest.xml:118:17-73
154-->[androidx.work:work-runtime:2.7.0-rc01] AndroidManifest.xml:118:25-70
155                <action android:name="android.intent.action.TIMEZONE_CHANGED" />
155-->[androidx.work:work-runtime:2.7.0-rc01] AndroidManifest.xml:119:17-81
155-->[androidx.work:work-runtime:2.7.0-rc01] AndroidManifest.xml:119:25-78
156            </intent-filter>
157        </receiver>
158        <receiver
158-->[androidx.work:work-runtime:2.7.0-rc01] AndroidManifest.xml:122:9-131:20
159            android:name="androidx.work.impl.background.systemalarm.ConstraintProxyUpdateReceiver"
159-->[androidx.work:work-runtime:2.7.0-rc01] AndroidManifest.xml:123:13-99
160            android:directBootAware="false"
160-->[androidx.work:work-runtime:2.7.0-rc01] AndroidManifest.xml:124:13-44
161            android:enabled="@bool/enable_system_alarm_service_default"
161-->[androidx.work:work-runtime:2.7.0-rc01] AndroidManifest.xml:125:13-72
162            android:exported="false" >
162-->[androidx.work:work-runtime:2.7.0-rc01] AndroidManifest.xml:126:13-37
163            <intent-filter>
163-->[androidx.work:work-runtime:2.7.0-rc01] AndroidManifest.xml:128:13-130:29
164                <action android:name="androidx.work.impl.background.systemalarm.UpdateProxies" />
164-->[androidx.work:work-runtime:2.7.0-rc01] AndroidManifest.xml:129:17-98
164-->[androidx.work:work-runtime:2.7.0-rc01] AndroidManifest.xml:129:25-95
165            </intent-filter>
166        </receiver>
167        <receiver
167-->[androidx.work:work-runtime:2.7.0-rc01] AndroidManifest.xml:132:9-142:20
168            android:name="androidx.work.impl.diagnostics.DiagnosticsReceiver"
168-->[androidx.work:work-runtime:2.7.0-rc01] AndroidManifest.xml:133:13-78
169            android:directBootAware="false"
169-->[androidx.work:work-runtime:2.7.0-rc01] AndroidManifest.xml:134:13-44
170            android:enabled="true"
170-->[androidx.work:work-runtime:2.7.0-rc01] AndroidManifest.xml:135:13-35
171            android:exported="true"
171-->[androidx.work:work-runtime:2.7.0-rc01] AndroidManifest.xml:136:13-36
172            android:permission="android.permission.DUMP" >
172-->[androidx.work:work-runtime:2.7.0-rc01] AndroidManifest.xml:137:13-57
173            <intent-filter>
173-->[androidx.work:work-runtime:2.7.0-rc01] AndroidManifest.xml:139:13-141:29
174                <action android:name="androidx.work.diagnostics.REQUEST_DIAGNOSTICS" />
174-->[androidx.work:work-runtime:2.7.0-rc01] AndroidManifest.xml:140:17-88
174-->[androidx.work:work-runtime:2.7.0-rc01] AndroidManifest.xml:140:25-85
175            </intent-filter>
176        </receiver>
177
178        <service
178-->[androidx.room:room-runtime:2.2.5] AndroidManifest.xml:25:9-28:40
179            android:name="androidx.room.MultiInstanceInvalidationService"
179-->[androidx.room:room-runtime:2.2.5] AndroidManifest.xml:26:13-74
180            android:directBootAware="true"
180-->[androidx.room:room-runtime:2.2.5] AndroidManifest.xml:27:13-43
181            android:exported="false" />
181-->[androidx.room:room-runtime:2.2.5] AndroidManifest.xml:28:13-37
182    </application>
183
184</manifest>